<?xml version="1.0" encoding="UTF-8"?>
<testsuite name="com.bridgelabz.HotelReservationTest" tests="1" skipped="0" failures="0" errors="0" timestamp="2021-10-26T03:29:25" hostname="MSI" time="0.002">
  <properties/>
  <testcase name="forTheProvidedHotelDetails_whenAddedHotelName_ShouldReturnEnteredName" classname="com.bridgelabz.HotelReservationTest" time="0.002"/>
  <system-out><![CDATA[]]></system-out>
  <system-err><![CDATA[]]></system-err>
</testsuite>
